Watching for file changes with StatReloader
/Users/liguoqiang/person/study/python/myblog/myblog/settings.py changed, reloading.
Using selector: KqueueSelector
Watching for file changes with StatReloader
/Users/liguoqiang/person/study/python/myblog/myblog/settings.py changed, reloading.
Using selector: KqueueSelector
Watching for file changes with StatReloader
----- list_category -----
{'context': <QuerySet []>}
Internal Server Error: /blog/category/list
Traceback (most recent call last):
  File "/Users/liguoqiang/person/study/python/myblog/venv/lib/python3.8/site-packages/django/core/handlers/exception.py", line 47, in inner
    response = get_response(request)
  File "/Users/liguoqiang/person/study/python/myblog/venv/lib/python3.8/site-packages/django/core/handlers/base.py", line 181, in _get_response
    response = wrapped_callback(request, *callback_args, **callback_kwargs)
  File "/Users/liguoqiang/person/study/python/myblog/blog/views.py", line 25, in list_category
    return render(request=request, template_name='blog/list.html', context=context)
  File "/Users/liguoqiang/person/study/python/myblog/venv/lib/python3.8/site-packages/django/shortcuts.py", line 19, in render
    content = loader.render_to_string(template_name, context, request, using=using)
  File "/Users/liguoqiang/person/study/python/myblog/venv/lib/python3.8/site-packages/django/template/loader.py", line 61, in render_to_string
    template = get_template(template_name, using=using)
  File "/Users/liguoqiang/person/study/python/myblog/venv/lib/python3.8/site-packages/django/template/loader.py", line 15, in get_template
    return engine.get_template(template_name)
  File "/Users/liguoqiang/person/study/python/myblog/venv/lib/python3.8/site-packages/django/template/backends/django.py", line 34, in get_template
    return Template(self.engine.get_template(template_name), self)
  File "/Users/liguoqiang/person/study/python/myblog/venv/lib/python3.8/site-packages/django/template/engine.py", line 143, in get_template
    template, origin = self.find_template(template_name)
  File "/Users/liguoqiang/person/study/python/myblog/venv/lib/python3.8/site-packages/django/template/engine.py", line 125, in find_template
    template = loader.get_template(name, skip=skip)
  File "/Users/liguoqiang/person/study/python/myblog/venv/lib/python3.8/site-packages/django/template/loaders/base.py", line 24, in get_template
    contents = self.get_contents(origin)
  File "/Users/liguoqiang/person/study/python/myblog/venv/lib/python3.8/site-packages/django/template/loaders/filesystem.py", line 23, in get_contents
    with open(origin.name, encoding=self.engine.file_charset) as fp:
NotADirectoryError: [Errno 20] Not a directory: '/Users/liguoqiang/person/study/python/myblog/templates/blog/list.html'
/Users/liguoqiang/person/study/python/myblog/myblog/settings.py changed, reloading.
Using selector: KqueueSelector
Watching for file changes with StatReloader
----- list_category -----
{'context': <QuerySet []>}
/Users/liguoqiang/person/study/python/myblog/myblog/settings.py changed, reloading.
Using selector: KqueueSelector
INFO 2021-06-23 10:45:38,311 autoreload 54098 4511972864 Watching for file changes with StatReloader
INFO 2021-06-23 10:45:44,291 views 54098 123145412304896 ----- list_category -----
INFO 2021-06-23 10:45:44,292 views 54098 123145412304896 {'context': <QuerySet []>}
INFO 2021-06-23 10:51:16,421 autoreload 54098 4511972864 /Users/liguoqiang/person/study/python/myblog/myblog/settings.py changed, reloading.
DEBUG 2021-06-23 10:51:16,425 selector_events 54098 4511972864 Using selector: KqueueSelector
2021-06-23 10:51:17,200-INFO-54810-4739882496-autoreload：Watching for file changes with StatReloader
2021-06-23 10:51:18,485-INFO-54810-4739882496-autoreload：/Users/liguoqiang/person/study/python/myblog/myblog/settings.py changed, reloading.
2021-06-23 10:51:18,486-DEBUG-54810-4739882496-selector_events：Using selector: KqueueSelector
2021-06-23 10:51:18,952-INFO-54823-4578016768-autoreload:Watching for file changes with StatReloader
2021-06-23 10:51:24,120-INFO-54823-123145472065536-views:----- list_category -----
2021-06-23 10:51:24,121-INFO-54823-123145472065536-views:{'context': <QuerySet []>}
2021-06-23 10:53:09,194-INFO-54823-4578016768-autoreload:/Users/liguoqiang/person/study/python/myblog/myblog/settings.py changed, reloading.
2021-06-23 10:53:09,195-DEBUG-54823-4578016768-selector_events:Using selector: KqueueSelector
INFO-2021-06-23 10:53:09,767-55071-4647022080-autoreload:Watching for file changes with StatReloader
INFO-2021-06-23 10:53:24,519-55071-123145397760000-views:----- list_category -----
INFO-2021-06-23 10:53:24,519-55071-123145397760000-views:{'context': <QuerySet []>}
INFO-2021-06-23 10:53:42,729-55071-4647022080-autoreload:/Users/liguoqiang/person/study/python/myblog/myblog/settings.py changed, reloading.
DEBUG-2021-06-23 10:53:42,731-55071-4647022080-selector_events:Using selector: KqueueSelector
INFO 2021-06-23 10:53:43,198 55153 4532968960 autoreload:Watching for file changes with StatReloader
INFO 2021-06-23 10:53:45,900 55153 123145579450368 views:----- list_category -----
INFO 2021-06-23 10:53:45,900 55153 123145579450368 views:{'context': <QuerySet []>}
INFO 2021-06-23 10:53:56,810 55153 4532968960 autoreload:/Users/liguoqiang/person/study/python/myblog/myblog/settings.py changed, reloading.
DEBUG 2021-06-23 10:53:56,811 55153 4532968960 selector_events:Using selector: KqueueSelector
INFO 2021-06-23 10:53:57,512 55194 4535459328-autoreload:Watching for file changes with StatReloader
INFO 2021-06-23 10:53:59,298 55194 123145384218624-views:----- list_category -----
INFO 2021-06-23 10:53:59,299 55194 123145384218624-views:{'context': <QuerySet []>}
INFO 2021-06-23 10:54:03,640 55194 123145384218624-views:----- list_category -----
INFO 2021-06-23 10:54:03,640 55194 123145384218624-views:{'context': <QuerySet []>}
INFO 2021-06-23 10:54:13,187 55194 4535459328-autoreload:/Users/liguoqiang/person/study/python/myblog/myblog/settings.py changed, reloading.
DEBUG 2021-06-23 10:54:13,187 55194 4535459328-selector_events:Using selector: KqueueSelector
INFO 2021-06-23 10:54:13,609 55240-4574555648-autoreload:Watching for file changes with StatReloader
INFO 2021-06-23 10:54:16,714 55240-123145498976256-views:----- list_category -----
INFO 2021-06-23 10:54:16,714 55240-123145498976256-views:{'context': <QuerySet []>}
INFO 2021-06-23 10:54:24,229 55240-4574555648-autoreload:/Users/liguoqiang/person/study/python/myblog/myblog/settings.py changed, reloading.
DEBUG 2021-06-23 10:54:24,230 55240-4574555648-selector_events:Using selector: KqueueSelector
INFO 2021-06-23 10:54:24,649-55273-4539629056-autoreload:Watching for file changes with StatReloader
INFO 2021-06-23 10:54:26,297-55273-123145353105408-views:----- list_category -----
INFO 2021-06-23 10:54:26,298-55273-123145353105408-views:{'context': <QuerySet []>}
INFO 2021-06-23 10:55:27,136-55273-4539629056-autoreload:/Users/liguoqiang/person/study/python/myblog/myblog/settings.py changed, reloading.
DEBUG 2021-06-23 10:55:27,139-55273-4539629056-selector_events:Using selector: KqueueSelector
INFO-2021-06-23 10:55:27,651-55408-4554817024-autoreload:Watching for file changes with StatReloader
INFO-2021-06-23 10:55:31,817-55408-123145460543488-views:----- list_category -----
INFO-2021-06-23 10:55:31,817-55408-123145460543488-views:{'context': <QuerySet []>}
INFO-2021-06-23 10:55:39,288-55408-4554817024-autoreload:/Users/liguoqiang/person/study/python/myblog/myblog/settings.py changed, reloading.
DEBUG-2021-06-23 10:55:39,289-55408-4554817024-selector_events:Using selector: KqueueSelector
INFO 2021-06-23 10:55:39,799-55444-4501663232-autoreload:Watching for file changes with StatReloader
INFO 2021-06-23 10:55:40,766-55444-123145344872448-views:----- list_category -----
INFO 2021-06-23 10:55:40,766-55444-123145344872448-views:{'context': <QuerySet []>}
INFO 2021-06-23 11:06:38,883-55444-4501663232-autoreload:/Users/liguoqiang/person/study/python/myblog/myblog/settings.py changed, reloading.
DEBUG 2021-06-23 11:06:38,886-55444-4501663232-selector_events:Using selector: KqueueSelector
INFO 2021-06-23 11:06:39,764-56856-4418366976-autoreload:Watching for file changes with StatReloader
INFO 2021-06-23 11:06:45,252-56856-123145366552576-views:----- list_category -----
INFO 2021-06-23 11:06:45,252-56856-123145366552576-views:{'context': <QuerySet []>}
